<?xml version="1.0" encoding="UTF-8"?>
<!-- Generated by org.testng.reporters.JUnitReportReporter -->
<testsuite hostname="LIN-5CD5329NVS" failures="0" tests="1" name="October_20.HeadLessExecution" time="4.562" errors="1" timestamp="2025-10-20T14:59:53 IST" skipped="0">
  <testcase classname="October_20.HeadLessExecution" name="login" time="4.562">
    <error message="Reached the maximum depth of 100 while writing JSON
Build info: version: &#039;4.13.0&#039;, revision: &#039;ba948ece5b*&#039;
System info: os.name: &#039;Windows 11&#039;, os.arch: &#039;amd64&#039;, os.version: &#039;10.0&#039;, java.version: &#039;21.0.5&#039;
Driver info: driver.version: HtmlUnitDriver" type="org.openqa.selenium.json.JsonException">
      <![CDATA[org.openqa.selenium.json.JsonException: Reached the maximum depth of 100 while writing JSON
Build info: version: '4.13.0', revision: 'ba948ece5b*'
System info: os.name: 'Windows 11', os.arch: 'amd64', os.version: '10.0', java.version: '21.0.5'
Driver info: driver.version: HtmlUnitDriver
at org.openqa.selenium.json.JsonOutput.lambda$new$31(JsonOutput.java:257)
at org.openqa.selenium.json.JsonOutput.write0(JsonOutput.java:409)
at org.openqa.selenium.json.JsonOutput.mapObject(JsonOutput.java:557)
at org.openqa.selenium.json.JsonOutput.lambda$new$31(JsonOutput.java:260)
at org.openqa.selenium.json.JsonOutput.write0(JsonOutput.java:409)
at org.openqa.selenium.json.JsonOutput.mapObject(JsonOutput.java:557)
at org.openqa.selenium.json.JsonOutput.lambda$new$31(JsonOutput.java:260)
at org.openqa.selenium.json.JsonOutput.write0(JsonOutput.java:409)
at org.openqa.selenium.json.JsonOutput.mapObject(JsonOutput.java:557)
at org.openqa.selenium.json.JsonOutput.lambda$new$31(JsonOutput.java:260)
at org.openqa.selenium.json.JsonOutput.write0(JsonOutput.java:409)
at org.openqa.selenium.json.JsonOutput.mapObject(JsonOutput.java:557)
at org.openqa.selenium.json.JsonOutput.lambda$new$31(JsonOutput.java:260)
at org.openqa.selenium.json.JsonOutput.write0(JsonOutput.java:409)
at org.openqa.selenium.json.JsonOutput.mapObject(JsonOutput.java:557)
at org.openqa.selenium.json.JsonOutput.lambda$new$31(JsonOutput.java:260)
at org.openqa.selenium.json.JsonOutput.write0(JsonOutput.java:409)
at org.openqa.selenium.json.JsonOutput.mapObject(JsonOutput.java:557)
at org.openqa.selenium.json.JsonOutput.lambda$new$31(JsonOutput.java:260)
at org.openqa.selenium.json.JsonOutput.write0(JsonOutput.java:409)
at org.openqa.selenium.json.JsonOutput.mapObject(JsonOutput.java:557)
at org.openqa.selenium.json.JsonOutput.lambda$new$31(JsonOutput.java:260)
at org.openqa.selenium.json.JsonOutput.write0(JsonOutput.java:409)
at org.openqa.selenium.json.JsonOutput.mapObject(JsonOutput.java:557)
at org.openqa.selenium.json.JsonOutput.lambda$new$31(JsonOutput.java:260)
at org.openqa.selenium.json.JsonOutput.write0(JsonOutput.java:409)
at org.openqa.selenium.json.JsonOutput.mapObject(JsonOutput.java:557)
at org.openqa.selenium.json.JsonOutput.lambda$new$31(JsonOutput.java:260)
at org.openqa.selenium.json.JsonOutput.write0(JsonOutput.java:409)
at org.openqa.selenium.json.JsonOutput.mapObject(JsonOutput.java:557)
at org.openqa.selenium.json.JsonOutput.lambda$new$31(JsonOutput.java:260)
at org.openqa.selenium.json.JsonOutput.write0(JsonOutput.java:409)
at org.openqa.selenium.json.JsonOutput.mapObject(JsonOutput.java:557)
at org.openqa.selenium.json.JsonOutput.lambda$new$31(JsonOutput.java:260)
at org.openqa.selenium.json.JsonOutput.write0(JsonOutput.java:409)
at org.openqa.selenium.json.JsonOutput.mapObject(JsonOutput.java:557)
at org.openqa.selenium.json.JsonOutput.lambda$new$31(JsonOutput.java:260)
at org.openqa.selenium.json.JsonOutput.write0(JsonOutput.java:409)
at org.openqa.selenium.json.JsonOutput.mapObject(JsonOutput.java:557)
at org.openqa.selenium.json.JsonOutput.lambda$new$31(JsonOutput.java:260)
at org.openqa.selenium.json.JsonOutput.write0(JsonOutput.java:409)
at org.openqa.selenium.json.JsonOutput.mapObject(JsonOutput.java:557)
at org.openqa.selenium.json.JsonOutput.lambda$new$31(JsonOutput.java:260)
at org.openqa.selenium.json.JsonOutput.write0(JsonOutput.java:409)
at org.openqa.selenium.json.JsonOutput.mapObject(JsonOutput.java:557)
at org.openqa.selenium.json.JsonOutput.lambda$new$31(JsonOutput.java:260)
at org.openqa.selenium.json.JsonOutput.write0(JsonOutput.java:409)
at org.openqa.selenium.json.JsonOutput.mapObject(JsonOutput.java:557)
at org.openqa.selenium.json.JsonOutput.lambda$new$31(JsonOutput.java:260)
at org.openqa.selenium.json.JsonOutput.write0(JsonOutput.java:409)
at org.openqa.selenium.json.JsonOutput.mapObject(JsonOutput.java:557)
at org.openqa.selenium.json.JsonOutput.lambda$new$31(JsonOutput.java:260)
at org.openqa.selenium.json.JsonOutput.write0(JsonOutput.java:409)
at org.openqa.selenium.json.JsonOutput.mapObject(JsonOutput.java:557)
at org.openqa.selenium.json.JsonOutput.lambda$new$31(JsonOutput.java:260)
at org.openqa.selenium.json.JsonOutput.write0(JsonOutput.java:409)
at org.openqa.selenium.json.JsonOutput.mapObject(JsonOutput.java:557)
at org.openqa.selenium.json.JsonOutput.lambda$new$31(JsonOutput.java:260)
at org.openqa.selenium.json.JsonOutput.write0(JsonOutput.java:409)
at org.openqa.selenium.json.JsonOutput.mapObject(JsonOutput.java:557)
at org.openqa.selenium.json.JsonOutput.lambda$new$31(JsonOutput.java:260)
at org.openqa.selenium.json.JsonOutput.write0(JsonOutput.java:409)
at org.openqa.selenium.json.JsonOutput.mapObject(JsonOutput.java:557)
at org.openqa.selenium.json.JsonOutput.lambda$new$31(JsonOutput.java:260)
at org.openqa.selenium.json.JsonOutput.write0(JsonOutput.java:409)
at org.openqa.selenium.json.JsonOutput.mapObject(JsonOutput.java:557)
at org.openqa.selenium.json.JsonOutput.lambda$new$31(JsonOutput.java:260)
at org.openqa.selenium.json.JsonOutput.write0(JsonOutput.java:409)
at org.openqa.selenium.json.JsonOutput.mapObject(JsonOutput.java:557)
at org.openqa.selenium.json.JsonOutput.lambda$new$31(JsonOutput.java:260)
at org.openqa.selenium.json.JsonOutput.write0(JsonOutput.java:409)
at org.openqa.selenium.json.JsonOutput.mapObject(JsonOutput.java:557)
at org.openqa.selenium.json.JsonOutput.lambda$new$31(JsonOutput.java:260)
at org.openqa.selenium.json.JsonOutput.write0(JsonOutput.java:409)
at org.openqa.selenium.json.JsonOutput.mapObject(JsonOutput.java:557)
at org.openqa.selenium.json.JsonOutput.lambda$new$31(JsonOutput.java:260)
at org.openqa.selenium.json.JsonOutput.write0(JsonOutput.java:409)
at org.openqa.selenium.json.JsonOutput.mapObject(JsonOutput.java:557)
at org.openqa.selenium.json.JsonOutput.lambda$new$31(JsonOutput.java:260)
at org.openqa.selenium.json.JsonOutput.write0(JsonOutput.java:409)
at org.openqa.selenium.json.JsonOutput.mapObject(JsonOutput.java:557)
at org.openqa.selenium.json.JsonOutput.lambda$new$31(JsonOutput.java:260)
at org.openqa.selenium.json.JsonOutput.write0(JsonOutput.java:409)
at org.openqa.selenium.json.JsonOutput.mapObject(JsonOutput.java:557)
at org.openqa.selenium.json.JsonOutput.lambda$new$31(JsonOutput.java:260)
at org.openqa.selenium.json.JsonOutput.write0(JsonOutput.java:409)
at org.openqa.selenium.json.JsonOutput.mapObject(JsonOutput.java:557)
at org.openqa.selenium.json.JsonOutput.lambda$new$31(JsonOutput.java:260)
at org.openqa.selenium.json.JsonOutput.write0(JsonOutput.java:409)
at org.openqa.selenium.json.JsonOutput.mapObject(JsonOutput.java:557)
at org.openqa.selenium.json.JsonOutput.lambda$new$31(JsonOutput.java:260)
at org.openqa.selenium.json.JsonOutput.write0(JsonOutput.java:409)
at org.openqa.selenium.json.JsonOutput.mapObject(JsonOutput.java:557)
at org.openqa.selenium.json.JsonOutput.lambda$new$31(JsonOutput.java:260)
at org.openqa.selenium.json.JsonOutput.write0(JsonOutput.java:409)
at org.openqa.selenium.json.JsonOutput.mapObject(JsonOutput.java:557)
at org.openqa.selenium.json.JsonOutput.lambda$new$31(JsonOutput.java:260)
at org.openqa.selenium.json.JsonOutput.write0(JsonOutput.java:409)
at org.openqa.selenium.json.JsonOutput.mapObject(JsonOutput.java:557)
at org.openqa.selenium.json.JsonOutput.lambda$new$31(JsonOutput.java:260)
at org.openqa.selenium.json.JsonOutput.write0(JsonOutput.java:409)
at org.openqa.selenium.json.JsonOutput.mapObject(JsonOutput.java:557)
at org.openqa.selenium.json.JsonOutput.lambda$new$31(JsonOutput.java:260)
at org.openqa.selenium.json.JsonOutput.write0(JsonOutput.java:409)
at org.openqa.selenium.json.JsonOutput.mapObject(JsonOutput.java:557)
at org.openqa.selenium.json.JsonOutput.lambda$new$31(JsonOutput.java:260)
at org.openqa.selenium.json.JsonOutput.write0(JsonOutput.java:409)
at org.openqa.selenium.json.JsonOutput.mapObject(JsonOutput.java:557)
at org.openqa.selenium.json.JsonOutput.lambda$new$31(JsonOutput.java:260)
at org.openqa.selenium.json.JsonOutput.write0(JsonOutput.java:409)
at org.openqa.selenium.json.JsonOutput.mapObject(JsonOutput.java:557)
at org.openqa.selenium.json.JsonOutput.lambda$new$31(JsonOutput.java:260)
at org.openqa.selenium.json.JsonOutput.write0(JsonOutput.java:409)
at org.openqa.selenium.json.JsonOutput.mapObject(JsonOutput.java:557)
at org.openqa.selenium.json.JsonOutput.lambda$new$31(JsonOutput.java:260)
at org.openqa.selenium.json.JsonOutput.write0(JsonOutput.java:409)
at org.openqa.selenium.json.JsonOutput.mapObject(JsonOutput.java:557)
at org.openqa.selenium.json.JsonOutput.lambda$new$31(JsonOutput.java:260)
at org.openqa.selenium.json.JsonOutput.write0(JsonOutput.java:409)
at org.openqa.selenium.json.JsonOutput.mapObject(JsonOutput.java:557)
at org.openqa.selenium.json.JsonOutput.lambda$new$31(JsonOutput.java:260)
at org.openqa.selenium.json.JsonOutput.write0(JsonOutput.java:409)
at org.openqa.selenium.json.JsonOutput.mapObject(JsonOutput.java:557)
at org.openqa.selenium.json.JsonOutput.lambda$new$31(JsonOutput.java:260)
at org.openqa.selenium.json.JsonOutput.write0(JsonOutput.java:409)
at org.openqa.selenium.json.JsonOutput.mapObject(JsonOutput.java:557)
at org.openqa.selenium.json.JsonOutput.lambda$new$31(JsonOutput.java:260)
at org.openqa.selenium.json.JsonOutput.write0(JsonOutput.java:409)
at org.openqa.selenium.json.JsonOutput.mapObject(JsonOutput.java:557)
at org.openqa.selenium.json.JsonOutput.lambda$new$31(JsonOutput.java:260)
at org.openqa.selenium.json.JsonOutput.write0(JsonOutput.java:409)
at org.openqa.selenium.json.JsonOutput.mapObject(JsonOutput.java:557)
at org.openqa.selenium.json.JsonOutput.lambda$new$31(JsonOutput.java:260)
at org.openqa.selenium.json.JsonOutput.write0(JsonOutput.java:409)
at org.openqa.selenium.json.JsonOutput.mapObject(JsonOutput.java:557)
at org.openqa.selenium.json.JsonOutput.lambda$new$31(JsonOutput.java:260)
at org.openqa.selenium.json.JsonOutput.write0(JsonOutput.java:409)
at org.openqa.selenium.json.JsonOutput.mapObject(JsonOutput.java:557)
at org.openqa.selenium.json.JsonOutput.lambda$new$31(JsonOutput.java:260)
at org.openqa.selenium.json.JsonOutput.write0(JsonOutput.java:409)
at org.openqa.selenium.json.JsonOutput.mapObject(JsonOutput.java:557)
at org.openqa.selenium.json.JsonOutput.lambda$new$31(JsonOutput.java:260)
at org.openqa.selenium.json.JsonOutput.write0(JsonOutput.java:409)
at org.openqa.selenium.json.JsonOutput.mapObject(JsonOutput.java:557)
at org.openqa.selenium.json.JsonOutput.lambda$new$31(JsonOutput.java:260)
at org.openqa.selenium.json.JsonOutput.write0(JsonOutput.java:409)
at org.openqa.selenium.json.JsonOutput.lambda$new$22(JsonOutput.java:204)
at java.base/java.util.stream.ForEachOps$ForEachOp$OfRef.accept(ForEachOps.java:184)
at java.base/java.util.stream.ReferencePipeline$2$1.accept(ReferencePipeline.java:179)
at java.base/java.util.Collections$2.tryAdvance(Collections.java:5073)
at java.base/java.util.Collections$2.forEachRemaining(Collections.java:5081)
at java.base/java.util.stream.AbstractPipeline.copyInto(AbstractPipeline.java:509)
at java.base/java.util.stream.AbstractPipeline.wrapAndCopyInto(AbstractPipeline.java:499)
at java.base/java.util.stream.ForEachOps$ForEachOp.evaluateSequential(ForEachOps.java:151)
at java.base/java.util.stream.ForEachOps$ForEachOp$OfRef.evaluateSequential(ForEachOps.java:174)
at java.base/java.util.stream.AbstractPipeline.evaluate(AbstractPipeline.java:234)
at java.base/java.util.stream.ReferencePipeline.forEach(ReferencePipeline.java:596)
at org.openqa.selenium.json.JsonOutput.lambda$new$23(JsonOutput.java:204)
at org.openqa.selenium.json.JsonOutput.write0(JsonOutput.java:409)
at org.openqa.selenium.json.JsonOutput.lambda$new$24(JsonOutput.java:222)
at com.google.common.collect.RegularImmutableMap.forEach(RegularImmutableMap.java:297)
at org.openqa.selenium.json.JsonOutput.lambda$new$25(JsonOutput.java:217)
at org.openqa.selenium.json.JsonOutput.write0(JsonOutput.java:409)
at org.openqa.selenium.json.JsonOutput.lambda$new$22(JsonOutput.java:204)
at java.base/java.util.stream.ForEachOps$ForEachOp$OfRef.accept(ForEachOps.java:184)
at java.base/java.util.stream.ReferencePipeline$2$1.accept(ReferencePipeline.java:179)
at java.base/java.util.Collections$2.tryAdvance(Collections.java:5073)
at java.base/java.util.Collections$2.forEachRemaining(Collections.java:5081)
at java.base/java.util.stream.AbstractPipeline.copyInto(AbstractPipeline.java:509)
at java.base/java.util.stream.AbstractPipeline.wrapAndCopyInto(AbstractPipeline.java:499)
at java.base/java.util.stream.ForEachOps$ForEachOp.evaluateSequential(ForEachOps.java:151)
at java.base/java.util.stream.ForEachOps$ForEachOp$OfRef.evaluateSequential(ForEachOps.java:174)
at java.base/java.util.stream.AbstractPipeline.evaluate(AbstractPipeline.java:234)
at java.base/java.util.stream.ReferencePipeline.forEach(ReferencePipeline.java:596)
at org.openqa.selenium.json.JsonOutput.lambda$new$23(JsonOutput.java:204)
at org.openqa.selenium.json.JsonOutput.write0(JsonOutput.java:409)
at org.openqa.selenium.json.JsonOutput.lambda$new$24(JsonOutput.java:222)
at com.google.common.collect.RegularImmutableMap.forEach(RegularImmutableMap.java:297)
at org.openqa.selenium.json.JsonOutput.lambda$new$25(JsonOutput.java:217)
at org.openqa.selenium.json.JsonOutput.write0(JsonOutput.java:409)
at org.openqa.selenium.json.JsonOutput.lambda$new$24(JsonOutput.java:222)
at com.google.common.collect.RegularImmutableMap.forEach(RegularImmutableMap.java:297)
at org.openqa.selenium.json.JsonOutput.lambda$new$25(JsonOutput.java:217)
at org.openqa.selenium.json.JsonOutput.write0(JsonOutput.java:409)
at org.openqa.selenium.json.JsonOutput.convertUsingMethod(JsonOutput.java:518)
at org.openqa.selenium.json.JsonOutput.lambda$new$16(JsonOutput.java:182)
at org.openqa.selenium.json.JsonOutput.write0(JsonOutput.java:409)
at org.openqa.selenium.json.JsonOutput.write(JsonOutput.java:400)
at org.openqa.selenium.json.Json.toJson(Json.java:133)
at org.openqa.selenium.json.Json.toJson(Json.java:119)
at org.openqa.selenium.support.locators.RelativeLocator.asAtomLocatorParameter(RelativeLocator.java:236)
at org.openqa.selenium.support.locators.RelativeLocator.access$200(RelativeLocator.java:68)
at org.openqa.selenium.support.locators.RelativeLocator$RelativeBy.findElements(RelativeLocator.java:194)
at org.openqa.selenium.By.findElement(By.java:122)
at org.openqa.selenium.htmlunit.HtmlUnitElementFinder.findElement(HtmlUnitElementFinder.java:69)
at org.openqa.selenium.htmlunit.HtmlUnitDriver.lambda$findElement$8(HtmlUnitDriver.java:715)
at org.openqa.selenium.htmlunit.HtmlUnitDriver.implicitlyWaitFor(HtmlUnitDriver.java:1159)
at org.openqa.selenium.htmlunit.HtmlUnitDriver.findElement(HtmlUnitDriver.java:715)
at October_20.HeadLessExecution.login(HeadLessExecution.java:29)
at java.base/jdk.internal.reflect.DirectMethodHandleAccessor.invoke(DirectMethodHandleAccessor.java:103)
at java.base/java.lang.reflect.Method.invoke(Method.java:580)
at org.testng.internal.invokers.MethodInvocationHelper.invokeMethod(MethodInvocationHelper.java:141)
at org.testng.internal.invokers.TestInvoker.invokeMethod(TestInvoker.java:686)
at org.testng.internal.invokers.TestInvoker.invokeTestMethod(TestInvoker.java:230)
at org.testng.internal.invokers.MethodRunner.runInSequence(MethodRunner.java:63)
at org.testng.internal.invokers.TestInvoker$MethodInvocationAgent.invoke(TestInvoker.java:992)
at org.testng.internal.invokers.TestInvoker.invokeTestMethods(TestInvoker.java:203)
at org.testng.internal.invokers.TestMethodWorker.invokeTestMethods(TestMethodWorker.java:154)
at org.testng.internal.invokers.TestMethodWorker.run(TestMethodWorker.java:134)
at java.base/java.util.ArrayList.forEach(ArrayList.java:1596)
at org.testng.TestRunner.privateRun(TestRunner.java:739)
at org.testng.TestRunner.run(TestRunner.java:614)
at org.testng.SuiteRunner.runTest(SuiteRunner.java:421)
at org.testng.SuiteRunner.runSequentially(SuiteRunner.java:413)
at org.testng.SuiteRunner.privateRun(SuiteRunner.java:373)
at org.testng.SuiteRunner.run(SuiteRunner.java:312)
at org.testng.SuiteRunnerWorker.runSuite(SuiteRunnerWorker.java:52)
at org.testng.SuiteRunnerWorker.run(SuiteRunnerWorker.java:95)
at org.testng.TestNG.runSuitesSequentially(TestNG.java:1274)
at org.testng.TestNG.runSuitesLocally(TestNG.java:1208)
at org.testng.TestNG.runSuites(TestNG.java:1112)
at org.testng.TestNG.run(TestNG.java:1079)
at org.testng.remote.AbstractRemoteTestNG.run(AbstractRemoteTestNG.java:115)
at org.testng.remote.RemoteTestNG.initAndRun(RemoteTestNG.java:293)
at org.testng.remote.RemoteTestNG.main(RemoteTestNG.java:91)
Suppressed: org.openqa.selenium.json.JsonException: Attempting to close incomplete json stream
Build info: version: '4.13.0', revision: 'ba948ece5b*'
System info: os.name: 'Windows 11', os.arch: 'amd64', os.version: '10.0', java.version: '21.0.5'
Driver info: driver.version: HtmlUnitDriver
at org.openqa.selenium.json.JsonOutput.close(JsonOutput.java:431)
at org.openqa.selenium.json.Json.toJson(Json.java:131)
... 36 more
]]>
    </error>
  </testcase> <!-- login -->
</testsuite> <!-- October_20.HeadLessExecution -->
