<?xml version="1.0" encoding="UTF-8"?>
<!-- Generated by org.testng.reporters.JUnitReportReporter -->
<testsuite hostname="LIN-5CD5329NVS" failures="0" tests="1" name="TestCase.ProductTests" time="8.285" errors="0" timestamp="2025-10-21T15:59:58 IST" skipped="0">
  <testcase classname="TestCase.ProductTests" name="verifySearch" time="8.285"/>
</testsuite> <!-- TestCase.ProductTests -->
