<?xml version="1.0" encoding="UTF-8"?>
<!-- Generated by org.testng.reporters.JUnitReportReporter -->
<testsuite hostname="LIN-5CD5329NVS" failures="0" tests="1" name="October_15.SampleTestNg" time="0.003" errors="0" timestamp="2025-10-17T10:05:01 IST" skipped="0">
  <testcase classname="October_15.SampleTestNg" name="f" time="0.003"/>
</testsuite> <!-- October_15.SampleTestNg -->
