<?xml version="1.0" encoding="UTF-8"?>
<!-- Generated by org.testng.reporters.JUnitReportReporter -->
<testsuite hostname="LIN-5CD5329NV5" failures="0" tests="3" name="Runner.TourTestRunner2" time="36.295" errors="0" timestamp="2025-10-29T17:29:03 IST" skipped="0">
  <testcase classname="Runner.TourTestRunner2" name="runScenario" time="11.829"/>
  <testcase classname="Runner.TourTestRunner2" name="runScenario" time="12.514"/>
  <testcase classname="Runner.TourTestRunner2" name="runScenario" time="11.952"/>
</testsuite> <!-- Runner.TourTestRunner2 -->
