<?xml version="1.0" encoding="UTF-8"?>
<!-- Generated by org.testng.reporters.JUnitReportReporter -->
<testsuite hostname="LIN-5CD5329NVS" failures="0" tests="2" name="October_17.DataproviderDemo" time="0.018" errors="0" timestamp="2025-10-17T16:47:36 IST" skipped="0">
  <testcase classname="October_17.DataproviderDemo" name="f3" time="0.017"/>
  <testcase classname="October_17.DataproviderDemo" name="f3" time="0.001"/>
</testsuite> <!-- October_17.DataproviderDemo -->
