<?xml version="1.0" encoding="UTF-8"?>
<!-- Generated by org.testng.reporters.JUnitReportReporter -->
<testsuite hostname="LIN-5CD5329NVS" failures="0" tests="3" name="October_17.GroupsDemo" time="0.019" errors="0" timestamp="2025-10-17T10:31:53 IST" skipped="0">
  <testcase classname="October_17.GroupsDemo" name="C" time="0.016"/>
  <testcase classname="October_17.GroupsDemo" name="D" time="0.001"/>
  <testcase classname="October_17.GroupsDemo" name="E" time="0.002"/>
</testsuite> <!-- October_17.GroupsDemo -->
