<?xml version="1.0" encoding="UTF-8"?>
<!-- Generated by org.testng.reporters.JUnitReportReporter -->
<testsuite hostname="LIN-5CD5329NVS" failures="0" tests="1" name="October_15.ToursTest" time="7.852" errors="0" timestamp="2025-10-15T16:37:23 IST" skipped="0">
  <testcase classname="October_15.ToursTest" name="loginTC" time="7.852"/>
</testsuite> <!-- October_15.ToursTest -->
