<?xml version="1.0" encoding="UTF-8"?>
<!-- Generated by org.testng.reporters.JUnitReportReporter -->
<testsuite hostname="LIN-5CD5329NVS" failures="0" tests="6" name="October_17.ParallelDemo" time="0.037" errors="0" timestamp="2025-10-17T10:47:54 IST" skipped="0">
  <testcase classname="October_17.ParallelDemo" name="D" time="0.004"/>
  <testcase classname="October_17.ParallelDemo" name="B" time="0.014"/>
  <testcase classname="October_17.ParallelDemo" name="F" time="0.002"/>
  <testcase classname="October_17.ParallelDemo" name="A" time="0.014"/>
  <testcase classname="October_17.ParallelDemo" name="C" time="0.002"/>
  <testcase classname="October_17.ParallelDemo" name="E" time="0.001"/>
</testsuite> <!-- October_17.ParallelDemo -->
