<?xml version="1.0" encoding="UTF-8"?>
<!-- Generated by org.testng.reporters.JUnitReportReporter -->
<testsuite hostname="LIN-5CD5329NVS" failures="0" tests="1" name="October_17.AnnotationsDemo" time="1.796" errors="0" timestamp="2025-10-17T09:31:48 IST" skipped="0">
  <testcase classname="October_17.AnnotationsDemo" name="tc1" time="1.796"/>
</testsuite> <!-- October_17.AnnotationsDemo -->
