<?xml version="1.0" encoding="UTF-8"?>
<!-- Generated by org.testng.reporters.JUnitReportReporter -->
<testsuite hostname="LIN-5CD5329NV5" failures="0" tests="3" name="TestCase.Grid1" time="44.357" errors="0" timestamp="2025-10-23T15:56:28 IST" skipped="0">
  <testcase classname="TestCase.Grid1" name="Launch" time="19.291"/>
  <testcase classname="TestCase.Grid1" name="Launch" time="12.854"/>
  <testcase classname="TestCase.Grid1" name="Launch" time="12.212"/>
</testsuite> <!-- TestCase.Grid1 -->
