<?xml version="1.0" encoding="UTF-8"?>
<!-- Generated by org.testng.reporters.JUnitReportReporter -->
<testsuite hostname="LIN-5CD5329NV5" failures="0" tests="3" name="Runner.TourTestRunner2" time="36.791" errors="0" timestamp="2025-10-29T17:05:29 IST" skipped="0">
  <testcase classname="Runner.TourTestRunner2" name="runScenario" time="11.975"/>
  <testcase classname="Runner.TourTestRunner2" name="runScenario" time="12.985"/>
  <testcase classname="Runner.TourTestRunner2" name="runScenario" time="11.831"/>
</testsuite> <!-- Runner.TourTestRunner2 -->
